<?xml version="1.0" encoding="UTF-8"?>
<coverage generated="1771365142366" clover="3.2.0">
  <project timestamp="1771365142366" name="All files">
    <metrics statements="28" coveredstatements="27" conditionals="27" coveredconditionals="24" methods="13" coveredmethods="13" elements="68" coveredelements="64" complexity="0" loc="28" ncloc="28" packages="7" files="8" classes="8"/>
    <package name="config">
      <metrics statements="3" coveredstatements="2" conditionals="6" coveredconditionals="5" methods="1" coveredmethods="1"/>
      <file name="env.ts" path="/Users/alliolaoluwa/Documents/Projects/UrbanGate/mobile/src/config/env.ts">
        <metrics statements="3" coveredstatements="2" conditionals="6" coveredconditionals="5" methods="1" coveredmethods="1"/>
        <line num="7" count="1" type="cond" truecount="1" falsecount="1"/>
        <line num="8" count="0" type="stmt"/>
        <line num="11" count="1" type="stmt"/>
      </file>
    </package>
    <package name="core.http">
      <metrics statements="11" coveredstatements="11" conditionals="6" coveredconditionals="5" methods="3" coveredmethods="3"/>
      <file name="httpClient.ts" path="/Users/alliolaoluwa/Documents/Projects/UrbanGate/mobile/src/core/http/httpClient.ts">
        <metrics statements="11" coveredstatements="11" conditionals="6" coveredconditionals="5" methods="3" coveredmethods="3"/>
        <line num="9" count="2" type="stmt"/>
        <line num="14" count="4" type="stmt"/>
        <line num="16" count="4" type="stmt"/>
        <line num="25" count="4" type="stmt"/>
        <line num="26" count="4" type="cond" truecount="1" falsecount="1"/>
        <line num="28" count="4" type="cond" truecount="2" falsecount="0"/>
        <line num="29" count="2" type="stmt"/>
        <line num="32" count="2" type="stmt"/>
        <line num="36" count="4" type="stmt"/>
        <line num="37" count="4" type="stmt"/>
        <line num="39" count="1" type="stmt"/>
      </file>
    </package>
    <package name="features.health">
      <metrics statements="3" coveredstatements="3" conditionals="0" coveredconditionals="0" methods="2" coveredmethods="2"/>
      <file name="healthApi.ts" path="/Users/alliolaoluwa/Documents/Projects/UrbanGate/mobile/src/features/health/healthApi.ts">
        <metrics statements="2" coveredstatements="2" conditionals="0" coveredconditionals="0" methods="1" coveredmethods="1"/>
        <line num="18" count="1" type="stmt"/>
        <line num="19" count="1" type="stmt"/>
      </file>
      <file name="useApiHealth.ts" path="/Users/alliolaoluwa/Documents/Projects/UrbanGate/mobile/src/features/health/useApiHealth.ts">
        <metrics statements="1" coveredstatements="1" conditionals="0" coveredconditionals="0" methods="1" coveredmethods="1"/>
        <line num="5" count="1" type="stmt"/>
      </file>
    </package>
    <package name="features.version.api">
      <metrics statements="1" coveredstatements="1" conditionals="0" coveredconditionals="0" methods="1" coveredmethods="1"/>
      <file name="getVersion.ts" path="/Users/alliolaoluwa/Documents/Projects/UrbanGate/mobile/src/features/version/api/getVersion.ts">
        <metrics statements="1" coveredstatements="1" conditionals="0" coveredconditionals="0" methods="1" coveredmethods="1"/>
        <line num="10" count="1" type="stmt"/>
      </file>
    </package>
    <package name="features.version.components">
      <metrics statements="4" coveredstatements="4" conditionals="6" coveredconditionals="6" methods="2" coveredmethods="2"/>
      <file name="VersionCard.tsx" path="/Users/alliolaoluwa/Documents/Projects/UrbanGate/mobile/src/features/version/components/VersionCard.tsx">
        <metrics statements="4" coveredstatements="4" conditionals="6" coveredconditionals="6" methods="2" coveredmethods="2"/>
        <line num="6" count="4" type="stmt"/>
        <line num="8" count="4" type="stmt"/>
        <line num="20" count="1" type="stmt"/>
        <line num="35" count="1" type="stmt"/>
      </file>
    </package>
    <package name="features.version.hooks">
      <metrics statements="1" coveredstatements="1" conditionals="0" coveredconditionals="0" methods="1" coveredmethods="1"/>
      <file name="useVersion.ts" path="/Users/alliolaoluwa/Documents/Projects/UrbanGate/mobile/src/features/version/hooks/useVersion.ts">
        <metrics statements="1" coveredstatements="1" conditionals="0" coveredconditionals="0" methods="1" coveredmethods="1"/>
        <line num="5" count="1" type="stmt"/>
      </file>
    </package>
    <package name="screens">
      <metrics statements="5" coveredstatements="5" conditionals="9" coveredconditionals="8" methods="3" coveredmethods="3"/>
      <file name="HomeScreen.tsx" path="/Users/alliolaoluwa/Documents/Projects/UrbanGate/mobile/src/screens/HomeScreen.tsx">
        <metrics statements="5" coveredstatements="5" conditionals="9" coveredconditionals="8" methods="3" coveredmethods="3"/>
        <line num="7" count="3" type="stmt"/>
        <line num="9" count="3" type="stmt"/>
        <line num="32" count="1" type="stmt"/>
        <line num="43" count="1" type="stmt"/>
        <line num="58" count="1" type="stmt"/>
      </file>
    </package>
  </project>
</coverage>
