{"/Users/alliolaoluwa/Documents/Projects/UrbanGate/mobile/src/config/env.ts": {"path":"/Users/alliolaoluwa/Documents/Projects/UrbanGate/mobile/src/config/env.ts","statementMap":{"0":{"start":{"line":7,"column":2},"end":{"line":7,"column":63}},"1":{"start":{"line":7,"column":33},"end":{"line":7,"column":63}},"2":{"start":{"line":8,"column":2},"end":{"line":8,"column":33}},"3":{"start":{"line":11,"column":19},"end":{"line":14,"column":10}}},"fnMap":{"0":{"name":"resolveDefaultApiBaseUrl","decl":{"start":{"line":5,"column":9},"end":{"line":5,"column":33}},"loc":{"start":{"line":5,"column":36},"end":{"line":9,"column":1}},"line":5}},"branchMap":{"0":{"loc":{"start":{"line":7,"column":2},"end":{"line":7,"column":63}},"type":"if","locations":[{"start":{"line":7,"column":2},"end":{"line":7,"column":63}},{"start":{},"end":{}}],"line":7},"1":{"loc":{"start":{"line":12,"column":10},"end":{"line":12,"column":74}},"type":"binary-expr","locations":[{"start":{"line":12,"column":11},"end":{"line":12,"column":64}},{"start":{"line":12,"column":69},"end":{"line":12,"column":74}}],"line":12},"2":{"loc":{"start":{"line":13,"column":14},"end":{"line":13,"column":80}},"type":"binary-expr","locations":[{"start":{"line":13,"column":14},"end":{"line":13,"column":50}},{"start":{"line":13,"column":54},"end":{"line":13,"column":80}}],"line":13}},"s":{"0":1,"1":1,"2":0,"3":1},"f":{"0":1},"b":{"0":[1,0],"1":[1,1],"2":[1,1]},"_coverageSchema":"1a1c01bbd47fc00a2c39e90264f33305004495a9","hash":"fca0d252616f8ee35056659c94c5829ec9f91bdb"}
,"/Users/alliolaoluwa/Documents/Projects/UrbanGate/mobile/src/core/http/httpClient.ts": {"path":"/Users/alliolaoluwa/Documents/Projects/UrbanGate/mobile/src/core/http/httpClient.ts","statementMap":{"0":{"start":{"line":9,"column":4},"end":{"line":9,"column":19}},"1":{"start":{"line":14,"column":14},"end":{"line":14,"column":40}},"2":{"start":{"line":16,"column":14},"end":{"line":23,"column":4}},"3":{"start":{"line":25,"column":15},"end":{"line":25,"column":31}},"4":{"start":{"line":26,"column":15},"end":{"line":26,"column":53}},"5":{"start":{"line":28,"column":2},"end":{"line":30,"column":3}},"6":{"start":{"line":29,"column":4},"end":{"line":29,"column":80}},"7":{"start":{"line":32,"column":2},"end":{"line":32,"column":19}},"8":{"start":{"line":36,"column":2},"end":{"line":40,"column":3}},"9":{"start":{"line":37,"column":4},"end":{"line":37,"column":28}},"10":{"start":{"line":39,"column":4},"end":{"line":39,"column":16}}},"fnMap":{"0":{"name":"(anonymous_0)","decl":{"start":{"line":4,"column":2},"end":{"line":4,"column":3}},"loc":{"start":{"line":8,"column":4},"end":{"line":10,"column":3}},"line":8},"1":{"name":"getJson","decl":{"start":{"line":13,"column":22},"end":{"line":13,"column":29}},"loc":{"start":{"line":13,"column":79},"end":{"line":33,"column":1}},"line":13},"2":{"name":"safeJsonParse","decl":{"start":{"line":35,"column":9},"end":{"line":35,"column":22}},"loc":{"start":{"line":35,"column":46},"end":{"line":41,"column":1}},"line":35}},"branchMap":{"0":{"loc":{"start":{"line":20,"column":10},"end":{"line":20,"column":29}},"type":"binary-expr","locations":[{"start":{"line":20,"column":10},"end":{"line":20,"column":23}},{"start":{"line":20,"column":27},"end":{"line":20,"column":29}}],"line":20},"1":{"loc":{"start":{"line":26,"column":15},"end":{"line":26,"column":53}},"type":"cond-expr","locations":[{"start":{"line":26,"column":22},"end":{"line":26,"column":41}},{"start":{"line":26,"column":44},"end":{"line":26,"column":53}}],"line":26},"2":{"loc":{"start":{"line":28,"column":2},"end":{"line":30,"column":3}},"type":"if","locations":[{"start":{"line":28,"column":2},"end":{"line":30,"column":3}},{"start":{},"end":{}}],"line":28}},"s":{"0":2,"1":4,"2":4,"3":4,"4":4,"5":4,"6":2,"7":2,"8":4,"9":4,"10":1},"f":{"0":2,"1":4,"2":4},"b":{"0":[4,4],"1":[4,0],"2":[2,2]},"_coverageSchema":"1a1c01bbd47fc00a2c39e90264f33305004495a9","hash":"e5259e21c7f8c02015ecb409f9a8bf6aa0d0a6e5"}
,"/Users/alliolaoluwa/Documents/Projects/UrbanGate/mobile/src/features/health/healthApi.ts": {"path":"/Users/alliolaoluwa/Documents/Projects/UrbanGate/mobile/src/features/health/healthApi.ts","statementMap":{"0":{"start":{"line":18,"column":12},"end":{"line":18,"column":96}},"1":{"start":{"line":19,"column":2},"end":{"line":19,"column":34}}},"fnMap":{"0":{"name":"fetchApiHealth","decl":{"start":{"line":17,"column":22},"end":{"line":17,"column":36}},"loc":{"start":{"line":17,"column":59},"end":{"line":20,"column":1}},"line":17}},"branchMap":{},"s":{"0":1,"1":1},"f":{"0":1},"b":{},"_coverageSchema":"1a1c01bbd47fc00a2c39e90264f33305004495a9","hash":"906644b776c8124897beeebb9fffeb74a201934c"}
,"/Users/alliolaoluwa/Documents/Projects/UrbanGate/mobile/src/features/health/useApiHealth.ts": {"path":"/Users/alliolaoluwa/Documents/Projects/UrbanGate/mobile/src/features/health/useApiHealth.ts","statementMap":{"0":{"start":{"line":5,"column":2},"end":{"line":10,"column":5}}},"fnMap":{"0":{"name":"useApiHealth","decl":{"start":{"line":4,"column":16},"end":{"line":4,"column":28}},"loc":{"start":{"line":4,"column":31},"end":{"line":11,"column":1}},"line":4}},"branchMap":{},"s":{"0":1},"f":{"0":1},"b":{},"_coverageSchema":"1a1c01bbd47fc00a2c39e90264f33305004495a9","hash":"db2c7b20a63419354da76fbb539a396fcaac3718"}
,"/Users/alliolaoluwa/Documents/Projects/UrbanGate/mobile/src/features/version/api/getVersion.ts": {"path":"/Users/alliolaoluwa/Documents/Projects/UrbanGate/mobile/src/features/version/api/getVersion.ts","statementMap":{"0":{"start":{"line":10,"column":2},"end":{"line":10,"column":48}}},"fnMap":{"0":{"name":"getVersion","decl":{"start":{"line":9,"column":16},"end":{"line":9,"column":26}},"loc":{"start":{"line":9,"column":50},"end":{"line":11,"column":1}},"line":9}},"branchMap":{},"s":{"0":1},"f":{"0":1},"b":{},"_coverageSchema":"1a1c01bbd47fc00a2c39e90264f33305004495a9","hash":"c74aae18547b8033e837202fddf7d1294235cba1"}
,"/Users/alliolaoluwa/Documents/Projects/UrbanGate/mobile/src/features/version/components/VersionCard.tsx": {"path":"/Users/alliolaoluwa/Documents/Projects/UrbanGate/mobile/src/features/version/components/VersionCard.tsx","statementMap":{"0":{"start":{"line":6,"column":60},"end":{"line":6,"column":72}},"1":{"start":{"line":8,"column":2},"end":{"line":32,"column":4}},"2":{"start":{"line":20,"column":51},"end":{"line":20,"column":60}},"3":{"start":{"line":35,"column":15},"end":{"line":48,"column":2}}},"fnMap":{"0":{"name":"VersionCard","decl":{"start":{"line":5,"column":16},"end":{"line":5,"column":27}},"loc":{"start":{"line":5,"column":30},"end":{"line":33,"column":1}},"line":5},"1":{"name":"(anonymous_1)","decl":{"start":{"line":20,"column":45},"end":{"line":20,"column":46}},"loc":{"start":{"line":20,"column":51},"end":{"line":20,"column":60}},"line":20}},"branchMap":{"0":{"loc":{"start":{"line":12,"column":7},"end":{"line":30,"column":7}},"type":"cond-expr","locations":[{"start":{"line":13,"column":8},"end":{"line":13,"column":29}},{"start":{"line":14,"column":10},"end":{"line":30,"column":7}}],"line":12},"1":{"loc":{"start":{"line":14,"column":10},"end":{"line":30,"column":7}},"type":"cond-expr","locations":[{"start":{"line":15,"column":8},"end":{"line":23,"column":11}},{"start":{"line":25,"column":8},"end":{"line":29,"column":11}}],"line":14},"2":{"loc":{"start":{"line":21,"column":13},"end":{"line":21,"column":58}},"type":"cond-expr","locations":[{"start":{"line":21,"column":28},"end":{"line":21,"column":41}},{"start":{"line":21,"column":44},"end":{"line":21,"column":58}}],"line":21}},"s":{"0":4,"1":4,"2":1,"3":1},"f":{"0":4,"1":1},"b":{"0":[1,3],"1":[2,1],"2":[1,1]},"_coverageSchema":"1a1c01bbd47fc00a2c39e90264f33305004495a9","hash":"8b183cf950e88089c613730277e9356d2893b963"}
,"/Users/alliolaoluwa/Documents/Projects/UrbanGate/mobile/src/features/version/hooks/useVersion.ts": {"path":"/Users/alliolaoluwa/Documents/Projects/UrbanGate/mobile/src/features/version/hooks/useVersion.ts","statementMap":{"0":{"start":{"line":5,"column":2},"end":{"line":8,"column":5}}},"fnMap":{"0":{"name":"useVersion","decl":{"start":{"line":4,"column":16},"end":{"line":4,"column":26}},"loc":{"start":{"line":4,"column":29},"end":{"line":9,"column":1}},"line":4}},"branchMap":{},"s":{"0":1},"f":{"0":1},"b":{},"_coverageSchema":"1a1c01bbd47fc00a2c39e90264f33305004495a9","hash":"cb161352db178afa00c1dc2bcd7e090c2a6c4f73"}
,"/Users/alliolaoluwa/Documents/Projects/UrbanGate/mobile/src/screens/HomeScreen.tsx": {"path":"/Users/alliolaoluwa/Documents/Projects/UrbanGate/mobile/src/screens/HomeScreen.tsx","statementMap":{"0":{"start":{"line":7,"column":58},"end":{"line":7,"column":70}},"1":{"start":{"line":9,"column":2},"end":{"line":55,"column":4}},"2":{"start":{"line":32,"column":36},"end":{"line":32,"column":45}},"3":{"start":{"line":43,"column":36},"end":{"line":43,"column":45}},"4":{"start":{"line":58,"column":15},"end":{"line":107,"column":2}}},"fnMap":{"0":{"name":"HomeScreen","decl":{"start":{"line":6,"column":24},"end":{"line":6,"column":34}},"loc":{"start":{"line":6,"column":37},"end":{"line":56,"column":1}},"line":6},"1":{"name":"(anonymous_1)","decl":{"start":{"line":32,"column":30},"end":{"line":32,"column":31}},"loc":{"start":{"line":32,"column":36},"end":{"line":32,"column":45}},"line":32},"2":{"name":"(anonymous_2)","decl":{"start":{"line":43,"column":30},"end":{"line":43,"column":31}},"loc":{"start":{"line":43,"column":36},"end":{"line":43,"column":45}},"line":43}},"branchMap":{"0":{"loc":{"start":{"line":14,"column":7},"end":{"line":19,"column":7}},"type":"binary-expr","locations":[{"start":{"line":14,"column":8},"end":{"line":14,"column":17}},{"start":{"line":14,"column":21},"end":{"line":14,"column":31}},{"start":{"line":15,"column":8},"end":{"line":18,"column":15}}],"line":14},"1":{"loc":{"start":{"line":21,"column":7},"end":{"line":36,"column":7}},"type":"binary-expr","locations":[{"start":{"line":21,"column":7},"end":{"line":21,"column":11}},{"start":{"line":22,"column":8},"end":{"line":35,"column":15}}],"line":21},"2":{"loc":{"start":{"line":38,"column":7},"end":{"line":47,"column":7}},"type":"binary-expr","locations":[{"start":{"line":38,"column":7},"end":{"line":38,"column":12}},{"start":{"line":39,"column":8},"end":{"line":46,"column":15}}],"line":38},"3":{"loc":{"start":{"line":41,"column":42},"end":{"line":41,"column":82}},"type":"binary-expr","locations":[{"start":{"line":41,"column":42},"end":{"line":41,"column":65}},{"start":{"line":41,"column":69},"end":{"line":41,"column":82}}],"line":41}},"s":{"0":3,"1":3,"2":1,"3":1,"4":1},"f":{"0":3,"1":1,"2":1},"b":{"0":[3,2,1],"1":[3,1],"2":[3,1],"3":[1,0]},"_coverageSchema":"1a1c01bbd47fc00a2c39e90264f33305004495a9","hash":"1dff972b3de0de876c00991571c845ea87a6cf7b"}
}
