TN:
SF:src/config/env.ts
FN:5,resolveDefaultApiBaseUrl
FNF:1
FNH:1
FNDA:1,resolveDefaultApiBaseUrl
DA:7,1
DA:8,0
DA:11,1
LF:3
LH:2
BRDA:7,0,0,1
BRDA:7,0,1,0
BRDA:12,1,0,1
BRDA:12,1,1,1
BRDA:13,2,0,1
BRDA:13,2,1,1
BRF:6
BRH:5
end_of_record
TN:
SF:src/core/http/httpClient.ts
FN:4,(anonymous_0)
FN:13,getJson
FN:35,safeJsonParse
FNF:3
FNH:3
FNDA:2,(anonymous_0)
FNDA:4,getJson
FNDA:4,safeJsonParse
DA:9,2
DA:14,4
DA:16,4
DA:25,4
DA:26,4
DA:28,4
DA:29,2
DA:32,2
DA:36,4
DA:37,4
DA:39,1
LF:11
LH:11
BRDA:20,0,0,4
BRDA:20,0,1,4
BRDA:26,1,0,4
BRDA:26,1,1,0
BRDA:28,2,0,2
BRDA:28,2,1,2
BRF:6
BRH:5
end_of_record
TN:
SF:src/features/health/healthApi.ts
FN:17,fetchApiHealth
FNF:1
FNH:1
FNDA:1,fetchApiHealth
DA:18,1
DA:19,1
LF:2
LH:2
BRF:0
BRH:0
end_of_record
TN:
SF:src/features/health/useApiHealth.ts
FN:4,useApiHealth
FNF:1
FNH:1
FNDA:1,useApiHealth
DA:5,1
LF:1
LH:1
BRF:0
BRH:0
end_of_record
TN:
SF:src/features/version/api/getVersion.ts
FN:9,getVersion
FNF:1
FNH:1
FNDA:1,getVersion
DA:10,1
LF:1
LH:1
BRF:0
BRH:0
end_of_record
TN:
SF:src/features/version/components/VersionCard.tsx
FN:5,VersionCard
FN:20,(anonymous_1)
FNF:2
FNH:2
FNDA:4,VersionCard
FNDA:1,(anonymous_1)
DA:6,4
DA:8,4
DA:20,1
DA:35,1
LF:4
LH:4
BRDA:12,0,0,1
BRDA:12,0,1,3
BRDA:14,1,0,2
BRDA:14,1,1,1
BRDA:21,2,0,1
BRDA:21,2,1,1
BRF:6
BRH:6
end_of_record
TN:
SF:src/features/version/hooks/useVersion.ts
FN:4,useVersion
FNF:1
FNH:1
FNDA:1,useVersion
DA:5,1
LF:1
LH:1
BRF:0
BRH:0
end_of_record
TN:
SF:src/screens/HomeScreen.tsx
FN:6,HomeScreen
FN:32,(anonymous_1)
FN:43,(anonymous_2)
FNF:3
FNH:3
FNDA:3,HomeScreen
FNDA:1,(anonymous_1)
FNDA:1,(anonymous_2)
DA:7,3
DA:9,3
DA:32,1
DA:43,1
DA:58,1
LF:5
LH:5
BRDA:14,0,0,3
BRDA:14,0,1,2
BRDA:14,0,2,1
BRDA:21,1,0,3
BRDA:21,1,1,1
BRDA:38,2,0,3
BRDA:38,2,1,1
BRDA:41,3,0,1
BRDA:41,3,1,0
BRF:9
BRH:8
end_of_record
